{"/Users/tirathbhuva/Documents/Groyyo/src/Assets/Images/face.png": {"path":"/Users/tirathbhuva/Documents/Groyyo/src/Assets/Images/face.png","statementMap":{"0":{"start":{"line":1,"column":0},"end":{"line":1,"column":19}}},"fnMap":{},"branchMap":{},"s":{"0":1},"f":{},"b":{},"_coverageSchema":"1a1c01bbd47fc00a2c39e90264f33305004495a9","hash":"31ccb8fc314fd2d724644dd565d2d407a92cbab9"}
,"/Users/tirathbhuva/Documents/Groyyo/src/Component/Button/Button.styles.ts": {"path":"/Users/tirathbhuva/Documents/Groyyo/src/Component/Button/Button.styles.ts","statementMap":{"0":{"start":{"line":4,"column":16},"end":{"line":4,"column":40}},"1":{"start":{"line":5,"column":15},"end":{"line":46,"column":1}},"2":{"start":{"line":6,"column":2},"end":{"line":45,"column":5}}},"fnMap":{"0":{"name":"(anonymous_0)","decl":{"start":{"line":5,"column":15},"end":{"line":5,"column":16}},"loc":{"start":{"line":5,"column":34},"end":{"line":46,"column":1}},"line":5}},"branchMap":{},"s":{"0":1,"1":1,"2":4},"f":{"0":4},"b":{},"_coverageSchema":"1a1c01bbd47fc00a2c39e90264f33305004495a9","hash":"f5e04fb9e8641e1197d7622c352d75147695fbbe"}
,"/Users/tirathbhuva/Documents/Groyyo/src/Component/Button/Button.tsx": {"path":"/Users/tirathbhuva/Documents/Groyyo/src/Component/Button/Button.tsx","statementMap":{"0":{"start":{"line":10,"column":37},"end":{"line":10,"column":47}},"1":{"start":{"line":11,"column":17},"end":{"line":11,"column":36}},"2":{"start":{"line":12,"column":22},"end":{"line":19,"column":45}},"3":{"start":{"line":13,"column":4},"end":{"line":17,"column":5}},"4":{"start":{"line":14,"column":22},"end":{"line":15,"column":43}},"5":{"start":{"line":16,"column":6},"end":{"line":16,"column":39}},"6":{"start":{"line":18,"column":4},"end":{"line":18,"column":46}},"7":{"start":{"line":21,"column":18},"end":{"line":23,"column":26}},"8":{"start":{"line":22,"column":4},"end":{"line":22,"column":40}},"9":{"start":{"line":25,"column":23},"end":{"line":35,"column":45}},"10":{"start":{"line":26,"column":4},"end":{"line":33,"column":5}},"11":{"start":{"line":28,"column":8},"end":{"line":28,"column":28}},"12":{"start":{"line":30,"column":8},"end":{"line":30,"column":61}},"13":{"start":{"line":32,"column":8},"end":{"line":32,"column":61}},"14":{"start":{"line":34,"column":4},"end":{"line":34,"column":24}},"15":{"start":{"line":37,"column":2},"end":{"line":73,"column":4}},"16":{"start":{"line":40,"column":30},"end":{"line":40,"column":45}}},"fnMap":{"0":{"name":"Button","decl":{"start":{"line":9,"column":24},"end":{"line":9,"column":30}},"loc":{"start":{"line":9,"column":52},"end":{"line":74,"column":1}},"line":9},"1":{"name":"(anonymous_1)","decl":{"start":{"line":12,"column":34},"end":{"line":12,"column":35}},"loc":{"start":{"line":12,"column":40},"end":{"line":19,"column":3}},"line":12},"2":{"name":"(anonymous_2)","decl":{"start":{"line":21,"column":30},"end":{"line":21,"column":31}},"loc":{"start":{"line":21,"column":36},"end":{"line":23,"column":3}},"line":21},"3":{"name":"(anonymous_3)","decl":{"start":{"line":25,"column":35},"end":{"line":25,"column":36}},"loc":{"start":{"line":25,"column":41},"end":{"line":35,"column":3}},"line":25},"4":{"name":"(anonymous_4)","decl":{"start":{"line":40,"column":24},"end":{"line":40,"column":25}},"loc":{"start":{"line":40,"column":30},"end":{"line":40,"column":45}},"line":40}},"branchMap":{"0":{"loc":{"start":{"line":13,"column":4},"end":{"line":17,"column":5}},"type":"if","locations":[{"start":{"line":13,"column":4},"end":{"line":17,"column":5}},{"start":{},"end":{}}],"line":13},"1":{"loc":{"start":{"line":14,"column":24},"end":{"line":14,"column":50}},"type":"binary-expr","locations":[{"start":{"line":14,"column":24},"end":{"line":14,"column":37}},{"start":{"line":14,"column":41},"end":{"line":14,"column":50}}],"line":14},"2":{"loc":{"start":{"line":16,"column":13},"end":{"line":16,"column":38}},"type":"binary-expr","locations":[{"start":{"line":16,"column":13},"end":{"line":16,"column":32}},{"start":{"line":16,"column":36},"end":{"line":16,"column":38}}],"line":16},"3":{"loc":{"start":{"line":18,"column":18},"end":{"line":18,"column":44}},"type":"binary-expr","locations":[{"start":{"line":18,"column":18},"end":{"line":18,"column":31}},{"start":{"line":18,"column":35},"end":{"line":18,"column":44}}],"line":18},"4":{"loc":{"start":{"line":22,"column":18},"end":{"line":22,"column":38}},"type":"binary-expr","locations":[{"start":{"line":22,"column":18},"end":{"line":22,"column":28}},{"start":{"line":22,"column":32},"end":{"line":22,"column":38}}],"line":22},"5":{"loc":{"start":{"line":26,"column":4},"end":{"line":33,"column":5}},"type":"switch","locations":[{"start":{"line":27,"column":6},"end":{"line":28,"column":28}},{"start":{"line":29,"column":6},"end":{"line":30,"column":61}},{"start":{"line":31,"column":6},"end":{"line":32,"column":61}}],"line":26},"6":{"loc":{"start":{"line":30,"column":15},"end":{"line":30,"column":60}},"type":"cond-expr","locations":[{"start":{"line":30,"column":32},"end":{"line":30,"column":46}},{"start":{"line":30,"column":49},"end":{"line":30,"column":60}}],"line":30},"7":{"loc":{"start":{"line":32,"column":15},"end":{"line":32,"column":60}},"type":"cond-expr","locations":[{"start":{"line":32,"column":32},"end":{"line":32,"column":43}},{"start":{"line":32,"column":46},"end":{"line":32,"column":60}}],"line":32},"8":{"loc":{"start":{"line":47,"column":14},"end":{"line":47,"column":63}},"type":"cond-expr","locations":[{"start":{"line":47,"column":28},"end":{"line":47,"column":58}},{"start":{"line":47,"column":61},"end":{"line":47,"column":63}}],"line":47},"9":{"loc":{"start":{"line":50,"column":8},"end":{"line":50,"column":49}},"type":"cond-expr","locations":[{"start":{"line":50,"column":25},"end":{"line":50,"column":44}},{"start":{"line":50,"column":47},"end":{"line":50,"column":49}}],"line":50},"10":{"loc":{"start":{"line":53,"column":9},"end":{"line":55,"column":16}},"type":"cond-expr","locations":[{"start":{"line":54,"column":10},"end":{"line":54,"column":78}},{"start":{"line":55,"column":12},"end":{"line":55,"column":16}}],"line":53},"11":{"loc":{"start":{"line":56,"column":9},"end":{"line":67,"column":9}},"type":"binary-expr","locations":[{"start":{"line":56,"column":9},"end":{"line":56,"column":23}},{"start":{"line":57,"column":10},"end":{"line":66,"column":17}}],"line":56},"12":{"loc":{"start":{"line":60,"column":21},"end":{"line":60,"column":54}},"type":"binary-expr","locations":[{"start":{"line":60,"column":21},"end":{"line":60,"column":36}},{"start":{"line":60,"column":40},"end":{"line":60,"column":54}}],"line":60},"13":{"loc":{"start":{"line":63,"column":20},"end":{"line":63,"column":53}},"type":"binary-expr","locations":[{"start":{"line":63,"column":20},"end":{"line":63,"column":41}},{"start":{"line":63,"column":45},"end":{"line":63,"column":53}}],"line":63},"14":{"loc":{"start":{"line":68,"column":9},"end":{"line":70,"column":16}},"type":"cond-expr","locations":[{"start":{"line":69,"column":10},"end":{"line":69,"column":80}},{"start":{"line":70,"column":12},"end":{"line":70,"column":16}}],"line":68}},"s":{"0":4,"1":4,"2":4,"3":4,"4":1,"5":1,"6":3,"7":4,"8":4,"9":4,"10":4,"11":0,"12":2,"13":0,"14":2,"15":4,"16":1},"f":{"0":4,"1":4,"2":4,"3":4,"4":1},"b":{"0":[1,3],"1":[1,1],"2":[1,0],"3":[3,1],"4":[4,4],"5":[0,2,0],"6":[0,2],"7":[0,0],"8":[0,4],"9":[1,3],"10":[1,3],"11":[4,4],"12":[4,4],"13":[4,4],"14":[1,3]},"_coverageSchema":"1a1c01bbd47fc00a2c39e90264f33305004495a9","hash":"012c538466c47285bca8541405555798f68adf11"}
,"/Users/tirathbhuva/Documents/Groyyo/src/Component/Loader/Loader.styles.ts": {"path":"/Users/tirathbhuva/Documents/Groyyo/src/Component/Loader/Loader.styles.ts","statementMap":{"0":{"start":{"line":4,"column":15},"end":{"line":24,"column":2}}},"fnMap":{},"branchMap":{},"s":{"0":1},"f":{},"b":{},"_coverageSchema":"1a1c01bbd47fc00a2c39e90264f33305004495a9","hash":"014e658311fd66f7c356f6c7efcada24e9eece1a"}
,"/Users/tirathbhuva/Documents/Groyyo/src/Component/Loader/Loader.tsx": {"path":"/Users/tirathbhuva/Documents/Groyyo/src/Component/Loader/Loader.tsx","statementMap":{"0":{"start":{"line":14,"column":15},"end":{"line":51,"column":1}},"1":{"start":{"line":15,"column":24},"end":{"line":28,"column":5}},"2":{"start":{"line":15,"column":48},"end":{"line":28,"column":3}},"3":{"start":{"line":30,"column":2},"end":{"line":32,"column":3}},"4":{"start":{"line":31,"column":4},"end":{"line":31,"column":16}},"5":{"start":{"line":34,"column":2},"end":{"line":50,"column":4}}},"fnMap":{"0":{"name":"(anonymous_0)","decl":{"start":{"line":14,"column":15},"end":{"line":14,"column":16}},"loc":{"start":{"line":14,"column":77},"end":{"line":51,"column":1}},"line":14},"1":{"name":"(anonymous_1)","decl":{"start":{"line":15,"column":41},"end":{"line":15,"column":42}},"loc":{"start":{"line":15,"column":48},"end":{"line":28,"column":3}},"line":15}},"branchMap":{"0":{"loc":{"start":{"line":30,"column":2},"end":{"line":32,"column":3}},"type":"if","locations":[{"start":{"line":30,"column":2},"end":{"line":32,"column":3}},{"start":{},"end":{}}],"line":30},"1":{"loc":{"start":{"line":45,"column":41},"end":{"line":45,"column":56}},"type":"binary-expr","locations":[{"start":{"line":45,"column":41},"end":{"line":45,"column":50}},{"start":{"line":45,"column":54},"end":{"line":45,"column":56}}],"line":45}},"s":{"0":1,"1":5,"2":14,"3":5,"4":1,"5":4},"f":{"0":5,"1":14},"b":{"0":[1,4],"1":[4,3]},"_coverageSchema":"1a1c01bbd47fc00a2c39e90264f33305004495a9","hash":"a5756230ae031a7a55f3271a9b26eabb1bf2e472"}
,"/Users/tirathbhuva/Documents/Groyyo/src/Component/TextInput/TextInput.styles.ts": {"path":"/Users/tirathbhuva/Documents/Groyyo/src/Component/TextInput/TextInput.styles.ts","statementMap":{"0":{"start":{"line":5,"column":15},"end":{"line":44,"column":1}},"1":{"start":{"line":6,"column":2},"end":{"line":43,"column":5}}},"fnMap":{"0":{"name":"(anonymous_0)","decl":{"start":{"line":5,"column":15},"end":{"line":5,"column":16}},"loc":{"start":{"line":5,"column":34},"end":{"line":44,"column":1}},"line":5}},"branchMap":{},"s":{"0":1,"1":1},"f":{"0":1},"b":{},"_coverageSchema":"1a1c01bbd47fc00a2c39e90264f33305004495a9","hash":"07b47bf879c6e2172cad320c10f2aed939b08dec"}
,"/Users/tirathbhuva/Documents/Groyyo/src/Component/TextInput/TextInput.tsx": {"path":"/Users/tirathbhuva/Documents/Groyyo/src/Component/TextInput/TextInput.tsx","statementMap":{"0":{"start":{"line":16,"column":18},"end":{"line":150,"column":1}},"1":{"start":{"line":34,"column":8},"end":{"line":34,"column":13}},"2":{"start":{"line":35,"column":39},"end":{"line":35,"column":49}},"3":{"start":{"line":36,"column":34},"end":{"line":36,"column":49}},"4":{"start":{"line":37,"column":19},"end":{"line":37,"column":38}},"5":{"start":{"line":38,"column":30},"end":{"line":56,"column":73}},"6":{"start":{"line":39,"column":6},"end":{"line":55,"column":8}},"7":{"start":{"line":58,"column":21},"end":{"line":65,"column":5}},"8":{"start":{"line":60,"column":8},"end":{"line":62,"column":9}},"9":{"start":{"line":61,"column":10},"end":{"line":61,"column":44}},"10":{"start":{"line":67,"column":21},"end":{"line":86,"column":5}},"11":{"start":{"line":68,"column":6},"end":{"line":85,"column":7}},"12":{"start":{"line":69,"column":8},"end":{"line":84,"column":10}},"13":{"start":{"line":88,"column":21},"end":{"line":101,"column":5}},"14":{"start":{"line":89,"column":6},"end":{"line":100,"column":7}},"15":{"start":{"line":90,"column":8},"end":{"line":99,"column":10}},"16":{"start":{"line":103,"column":25},"end":{"line":111,"column":5}},"17":{"start":{"line":105,"column":8},"end":{"line":105,"column":25}},"18":{"start":{"line":106,"column":8},"end":{"line":108,"column":9}},"19":{"start":{"line":107,"column":10},"end":{"line":107,"column":21}},"20":{"start":{"line":113,"column":24},"end":{"line":121,"column":5}},"21":{"start":{"line":115,"column":8},"end":{"line":115,"column":26}},"22":{"start":{"line":116,"column":8},"end":{"line":118,"column":9}},"23":{"start":{"line":117,"column":10},"end":{"line":117,"column":20}},"24":{"start":{"line":123,"column":4},"end":{"line":148,"column":6}}},"fnMap":{"0":{"name":"(anonymous_0)","decl":{"start":{"line":17,"column":2},"end":{"line":17,"column":3}},"loc":{"start":{"line":17,"column":18},"end":{"line":149,"column":3}},"line":17},"1":{"name":"(anonymous_1)","decl":{"start":{"line":38,"column":42},"end":{"line":38,"column":43}},"loc":{"start":{"line":38,"column":48},"end":{"line":56,"column":5}},"line":38},"2":{"name":"(anonymous_2)","decl":{"start":{"line":59,"column":6},"end":{"line":59,"column":7}},"loc":{"start":{"line":59,"column":24},"end":{"line":63,"column":7}},"line":59},"3":{"name":"(anonymous_3)","decl":{"start":{"line":67,"column":21},"end":{"line":67,"column":22}},"loc":{"start":{"line":67,"column":27},"end":{"line":86,"column":5}},"line":67},"4":{"name":"(anonymous_4)","decl":{"start":{"line":88,"column":21},"end":{"line":88,"column":22}},"loc":{"start":{"line":88,"column":27},"end":{"line":101,"column":5}},"line":88},"5":{"name":"(anonymous_5)","decl":{"start":{"line":104,"column":6},"end":{"line":104,"column":7}},"loc":{"start":{"line":104,"column":60},"end":{"line":109,"column":7}},"line":104},"6":{"name":"(anonymous_6)","decl":{"start":{"line":114,"column":6},"end":{"line":114,"column":7}},"loc":{"start":{"line":114,"column":60},"end":{"line":119,"column":7}},"line":114}},"branchMap":{"0":{"loc":{"start":{"line":40,"column":18},"end":{"line":40,"column":40}},"type":"binary-expr","locations":[{"start":{"line":40,"column":18},"end":{"line":40,"column":25}},{"start":{"line":40,"column":29},"end":{"line":40,"column":40}}],"line":40},"1":{"loc":{"start":{"line":42,"column":12},"end":{"line":42,"column":37}},"type":"binary-expr","locations":[{"start":{"line":42,"column":12},"end":{"line":42,"column":31}},{"start":{"line":42,"column":35},"end":{"line":42,"column":37}}],"line":42},"2":{"loc":{"start":{"line":43,"column":12},"end":{"line":48,"column":14}},"type":"cond-expr","locations":[{"start":{"line":44,"column":12},"end":{"line":47,"column":13}},{"start":{"line":48,"column":12},"end":{"line":48,"column":14}}],"line":43},"3":{"loc":{"start":{"line":45,"column":15},"end":{"line":45,"column":75}},"type":"cond-expr","locations":[{"start":{"line":45,"column":40},"end":{"line":45,"column":53}},{"start":{"line":45,"column":56},"end":{"line":45,"column":75}}],"line":45},"4":{"loc":{"start":{"line":49,"column":12},"end":{"line":54,"column":14}},"type":"cond-expr","locations":[{"start":{"line":50,"column":12},"end":{"line":53,"column":13}},{"start":{"line":54,"column":12},"end":{"line":54,"column":14}}],"line":49},"5":{"loc":{"start":{"line":60,"column":8},"end":{"line":62,"column":9}},"type":"if","locations":[{"start":{"line":60,"column":8},"end":{"line":62,"column":9}},{"start":{},"end":{}}],"line":60},"6":{"loc":{"start":{"line":68,"column":6},"end":{"line":85,"column":7}},"type":"if","locations":[{"start":{"line":68,"column":6},"end":{"line":85,"column":7}},{"start":{},"end":{}}],"line":68},"7":{"loc":{"start":{"line":74,"column":13},"end":{"line":82,"column":20}},"type":"cond-expr","locations":[{"start":{"line":75,"column":14},"end":{"line":81,"column":25}},{"start":{"line":82,"column":16},"end":{"line":82,"column":20}}],"line":74},"8":{"loc":{"start":{"line":89,"column":6},"end":{"line":100,"column":7}},"type":"if","locations":[{"start":{"line":89,"column":6},"end":{"line":100,"column":7}},{"start":{},"end":{}}],"line":89},"9":{"loc":{"start":{"line":106,"column":8},"end":{"line":108,"column":9}},"type":"if","locations":[{"start":{"line":106,"column":8},"end":{"line":108,"column":9}},{"start":{},"end":{}}],"line":106},"10":{"loc":{"start":{"line":116,"column":8},"end":{"line":118,"column":9}},"type":"if","locations":[{"start":{"line":116,"column":8},"end":{"line":118,"column":9}},{"start":{},"end":{}}],"line":116},"11":{"loc":{"start":{"line":127,"column":11},"end":{"line":127,"column":79}},"type":"cond-expr","locations":[{"start":{"line":127,"column":22},"end":{"line":127,"column":72}},{"start":{"line":127,"column":75},"end":{"line":127,"column":79}}],"line":127},"12":{"loc":{"start":{"line":137,"column":16},"end":{"line":137,"column":51}},"type":"cond-expr","locations":[{"start":{"line":137,"column":26},"end":{"line":137,"column":46}},{"start":{"line":137,"column":49},"end":{"line":137,"column":51}}],"line":137},"13":{"loc":{"start":{"line":142,"column":11},"end":{"line":144,"column":18}},"type":"cond-expr","locations":[{"start":{"line":143,"column":12},"end":{"line":143,"column":64}},{"start":{"line":144,"column":14},"end":{"line":144,"column":18}}],"line":142}},"s":{"0":1,"1":1,"2":1,"3":1,"4":1,"5":1,"6":1,"7":1,"8":0,"9":0,"10":1,"11":1,"12":0,"13":1,"14":1,"15":0,"16":1,"17":0,"18":0,"19":0,"20":1,"21":0,"22":0,"23":0,"24":1},"f":{"0":1,"1":1,"2":0,"3":1,"4":1,"5":0,"6":0},"b":{"0":[1,1],"1":[1,1],"2":[0,1],"3":[0,0],"4":[0,1],"5":[0,0],"6":[0,1],"7":[0,0],"8":[0,1],"9":[0,0],"10":[0,0],"11":[0,1],"12":[0,1],"13":[0,1]},"_coverageSchema":"1a1c01bbd47fc00a2c39e90264f33305004495a9","hash":"4c8b75dab56ea86923025a58725172e95bf9fc62"}
,"/Users/tirathbhuva/Documents/Groyyo/src/Component/TextView/TextView.styles.ts": {"path":"/Users/tirathbhuva/Documents/Groyyo/src/Component/TextView/TextView.styles.ts","statementMap":{"0":{"start":{"line":4,"column":25},"end":{"line":61,"column":2}}},"fnMap":{},"branchMap":{},"s":{"0":4},"f":{},"b":{},"_coverageSchema":"1a1c01bbd47fc00a2c39e90264f33305004495a9","hash":"334d6614a5ca17a45fa4ba41c9b5f9c1c9343719"}
,"/Users/tirathbhuva/Documents/Groyyo/src/Component/TextView/TextView.tsx": {"path":"/Users/tirathbhuva/Documents/Groyyo/src/Component/TextView/TextView.tsx","statementMap":{"0":{"start":{"line":7,"column":43},"end":{"line":32,"column":1}},"1":{"start":{"line":8,"column":22},"end":{"line":13,"column":33}},"2":{"start":{"line":9,"column":15},"end":{"line":9,"column":35}},"3":{"start":{"line":10,"column":15},"end":{"line":10,"column":49}},"4":{"start":{"line":11,"column":27},"end":{"line":11,"column":45}},"5":{"start":{"line":12,"column":4},"end":{"line":12,"column":39}},"6":{"start":{"line":15,"column":18},"end":{"line":17,"column":18}},"7":{"start":{"line":16,"column":4},"end":{"line":16,"column":48}},"8":{"start":{"line":19,"column":2},"end":{"line":31,"column":4}}},"fnMap":{"0":{"name":"(anonymous_0)","decl":{"start":{"line":7,"column":43},"end":{"line":7,"column":44}},"loc":{"start":{"line":7,"column":52},"end":{"line":32,"column":1}},"line":7},"1":{"name":"(anonymous_1)","decl":{"start":{"line":8,"column":34},"end":{"line":8,"column":35}},"loc":{"start":{"line":8,"column":51},"end":{"line":13,"column":3}},"line":8},"2":{"name":"(anonymous_2)","decl":{"start":{"line":15,"column":30},"end":{"line":15,"column":31}},"loc":{"start":{"line":15,"column":36},"end":{"line":17,"column":3}},"line":15}},"branchMap":{"0":{"loc":{"start":{"line":9,"column":15},"end":{"line":9,"column":35}},"type":"binary-expr","locations":[{"start":{"line":9,"column":15},"end":{"line":9,"column":28}},{"start":{"line":9,"column":32},"end":{"line":9,"column":35}}],"line":9},"1":{"loc":{"start":{"line":10,"column":15},"end":{"line":10,"column":49}},"type":"cond-expr","locations":[{"start":{"line":10,"column":28},"end":{"line":10,"column":44}},{"start":{"line":10,"column":47},"end":{"line":10,"column":49}}],"line":10},"2":{"loc":{"start":{"line":11,"column":27},"end":{"line":11,"column":45}},"type":"binary-expr","locations":[{"start":{"line":11,"column":27},"end":{"line":11,"column":38}},{"start":{"line":11,"column":42},"end":{"line":11,"column":45}}],"line":11},"3":{"loc":{"start":{"line":12,"column":11},"end":{"line":12,"column":38}},"type":"binary-expr","locations":[{"start":{"line":12,"column":11},"end":{"line":12,"column":32}},{"start":{"line":12,"column":36},"end":{"line":12,"column":38}}],"line":12},"4":{"loc":{"start":{"line":16,"column":23},"end":{"line":16,"column":46}},"type":"binary-expr","locations":[{"start":{"line":16,"column":23},"end":{"line":16,"column":33}},{"start":{"line":16,"column":37},"end":{"line":16,"column":46}}],"line":16},"5":{"loc":{"start":{"line":27,"column":14},"end":{"line":27,"column":53}},"type":"cond-expr","locations":[{"start":{"line":27,"column":28},"end":{"line":27,"column":48}},{"start":{"line":27,"column":51},"end":{"line":27,"column":53}}],"line":27}},"s":{"0":4,"1":11,"2":11,"3":11,"4":11,"5":11,"6":11,"7":11,"8":11},"f":{"0":11,"1":11,"2":11},"b":{"0":[11,3],"1":[8,3],"2":[11,0],"3":[11,3],"4":[11,3],"5":[2,9]},"_coverageSchema":"1a1c01bbd47fc00a2c39e90264f33305004495a9","hash":"6237b58b8fdc1e6fd07cbb0705b10a9c514393f0"}
,"/Users/tirathbhuva/Documents/Groyyo/src/Theme/FontSize.ts": {"path":"/Users/tirathbhuva/Documents/Groyyo/src/Theme/FontSize.ts","statementMap":{"0":{"start":{"line":2,"column":24},"end":{"line":2,"column":48}},"1":{"start":{"line":5,"column":27},"end":{"line":5,"column":30}},"2":{"start":{"line":6,"column":28},"end":{"line":6,"column":31}},"3":{"start":{"line":8,"column":14},"end":{"line":8,"column":67}},"4":{"start":{"line":8,"column":32},"end":{"line":8,"column":67}},"5":{"start":{"line":9,"column":22},"end":{"line":9,"column":77}},"6":{"start":{"line":9,"column":40},"end":{"line":9,"column":77}},"7":{"start":{"line":10,"column":22},"end":{"line":11,"column":38}},"8":{"start":{"line":11,"column":2},"end":{"line":11,"column":38}}},"fnMap":{"0":{"name":"(anonymous_0)","decl":{"start":{"line":8,"column":14},"end":{"line":8,"column":15}},"loc":{"start":{"line":8,"column":32},"end":{"line":8,"column":67}},"line":8},"1":{"name":"(anonymous_1)","decl":{"start":{"line":9,"column":22},"end":{"line":9,"column":23}},"loc":{"start":{"line":9,"column":40},"end":{"line":9,"column":77}},"line":9},"2":{"name":"(anonymous_2)","decl":{"start":{"line":10,"column":22},"end":{"line":10,"column":23}},"loc":{"start":{"line":11,"column":2},"end":{"line":11,"column":38}},"line":11}},"branchMap":{"0":{"loc":{"start":{"line":10,"column":37},"end":{"line":10,"column":57}},"type":"default-arg","locations":[{"start":{"line":10,"column":54},"end":{"line":10,"column":57}}],"line":10}},"s":{"0":1,"1":1,"2":1,"3":1,"4":4,"5":1,"6":0,"7":1,"8":0},"f":{"0":4,"1":0,"2":0},"b":{"0":[0]},"_coverageSchema":"1a1c01bbd47fc00a2c39e90264f33305004495a9","hash":"785f9a598e54f593abe9231d88dc2a979d4072b7"}
,"/Users/tirathbhuva/Documents/Groyyo/src/Theme/Spacing.ts": {"path":"/Users/tirathbhuva/Documents/Groyyo/src/Theme/Spacing.ts","statementMap":{"0":{"start":{"line":1,"column":21},"end":{"line":3,"column":1}},"1":{"start":{"line":6,"column":2},"end":{"line":6,"column":29}}},"fnMap":{"0":{"name":"spacing","decl":{"start":{"line":5,"column":24},"end":{"line":5,"column":31}},"loc":{"start":{"line":5,"column":47},"end":{"line":7,"column":1}},"line":5}},"branchMap":{},"s":{"0":2,"1":2},"f":{"0":2},"b":{},"_coverageSchema":"1a1c01bbd47fc00a2c39e90264f33305004495a9","hash":"d217f7cf0621c8928f38e08de8679fb7e287bf7a"}
,"/Users/tirathbhuva/Documents/Groyyo/src/Utils/Helper.ts": {"path":"/Users/tirathbhuva/Documents/Groyyo/src/Utils/Helper.ts","statementMap":{"0":{"start":{"line":3,"column":18},"end":{"line":3,"column":43}},"1":{"start":{"line":4,"column":27},"end":{"line":6,"column":1}},"2":{"start":{"line":5,"column":2},"end":{"line":5,"column":26}},"3":{"start":{"line":13,"column":2},"end":{"line":18,"column":4}},"4":{"start":{"line":14,"column":4},"end":{"line":14,"column":24}},"5":{"start":{"line":15,"column":4},"end":{"line":17,"column":16}},"6":{"start":{"line":16,"column":6},"end":{"line":16,"column":20}},"7":{"start":{"line":22,"column":2},"end":{"line":30,"column":53}},"8":{"start":{"line":28,"column":22},"end":{"line":28,"column":48}},"9":{"start":{"line":30,"column":36},"end":{"line":30,"column":51}}},"fnMap":{"0":{"name":"(anonymous_0)","decl":{"start":{"line":4,"column":27},"end":{"line":4,"column":28}},"loc":{"start":{"line":4,"column":53},"end":{"line":6,"column":1}},"line":4},"1":{"name":"debounce","decl":{"start":{"line":8,"column":16},"end":{"line":8,"column":24}},"loc":{"start":{"line":11,"column":29},"end":{"line":19,"column":1}},"line":11},"2":{"name":"(anonymous_2)","decl":{"start":{"line":13,"column":9},"end":{"line":13,"column":10}},"loc":{"start":{"line":13,"column":30},"end":{"line":18,"column":3}},"line":13},"3":{"name":"(anonymous_3)","decl":{"start":{"line":15,"column":23},"end":{"line":15,"column":24}},"loc":{"start":{"line":15,"column":29},"end":{"line":17,"column":5}},"line":15},"4":{"name":"toPascalCase","decl":{"start":{"line":21,"column":16},"end":{"line":21,"column":28}},"loc":{"start":{"line":21,"column":53},"end":{"line":31,"column":1}},"line":21},"5":{"name":"(anonymous_5)","decl":{"start":{"line":28,"column":6},"end":{"line":28,"column":7}},"loc":{"start":{"line":28,"column":22},"end":{"line":28,"column":48}},"line":28},"6":{"name":"(anonymous_6)","decl":{"start":{"line":30,"column":31},"end":{"line":30,"column":32}},"loc":{"start":{"line":30,"column":36},"end":{"line":30,"column":51}},"line":30}},"branchMap":{},"s":{"0":4,"1":4,"2":112,"3":4,"4":1,"5":1,"6":1,"7":0,"8":0,"9":0},"f":{"0":112,"1":4,"2":1,"3":1,"4":0,"5":0,"6":0},"b":{},"_coverageSchema":"1a1c01bbd47fc00a2c39e90264f33305004495a9","hash":"d85ee244b74f9b32e7657536d60c29aca337de32"}
}
